<?xml version="1.0" encoding="UTF-8"?>
<testng-results skipped="0" failed="0" total="1" passed="1">
  <reporter-output>
  </reporter-output>
  <suite name="Suite" duration-ms="17843" started-at="2019-11-24T13:37:40Z" finished-at="2019-11-24T13:37:58Z">
    <groups>
    </groups>
    <test name="Login" duration-ms="17843" started-at="2019-11-24T13:37:40Z" finished-at="2019-11-24T13:37:58Z">
      <class name="test_cases.Login">
        <test-method status="PASS" signature="StartBrowser()[pri:0, instance:test_cases.Login@42d80b78]" name="StartBrowser" is-config="true" duration-ms="7988" started-at="2019-11-24T19:37:40Z" finished-at="2019-11-24T19:37:48Z">
          <reporter-output>
          </reporter-output>
        </test-method> <!-- StartBrowser -->
        <test-method status="PASS" signature="login()[pri:0, instance:test_cases.Login@42d80b78]" name="login" duration-ms="9627" started-at="2019-11-24T19:37:48Z" finished-at="2019-11-24T19:37:58Z">
          <reporter-output>
          </reporter-output>
        </test-method> <!-- login -->
        <test-method status="PASS" signature="quitbrowser()[pri:0, instance:test_cases.Login@42d80b78]" name="quitbrowser" is-config="true" duration-ms="174" started-at="2019-11-24T19:37:58Z" finished-at="2019-11-24T19:37:58Z">
          <reporter-output>
          </reporter-output>
        </test-method> <!-- quitbrowser -->
      </class> <!-- test_cases.Login -->
    </test> <!-- Login -->
  </suite> <!-- Suite -->
</testng-results>
